  cohensutherlandline.cpp
C:\Users\singh\source\repos\nvidia\cohensutherlandline.cpp(89,27): warning C4244: 'argument': conversion from 'double' to 'GLfloat', possible loss of data
C:\Users\singh\source\repos\nvidia\cohensutherlandline.cpp(89,20): warning C4244: 'argument': conversion from 'double' to 'GLfloat', possible loss of data
C:\Users\singh\source\repos\nvidia\cohensutherlandline.cpp(90,27): warning C4244: 'argument': conversion from 'double' to 'GLfloat', possible loss of data
C:\Users\singh\source\repos\nvidia\cohensutherlandline.cpp(90,20): warning C4244: 'argument': conversion from 'double' to 'GLfloat', possible loss of data
C:\Users\singh\source\repos\nvidia\cohensutherlandline.cpp(91,27): warning C4244: 'argument': conversion from 'double' to 'GLfloat', possible loss of data
C:\Users\singh\source\repos\nvidia\cohensutherlandline.cpp(91,20): warning C4244: 'argument': conversion from 'double' to 'GLfloat', possible loss of data
C:\Users\singh\source\repos\nvidia\cohensutherlandline.cpp(92,27): warning C4244: 'argument': conversion from 'double' to 'GLfloat', possible loss of data
C:\Users\singh\source\repos\nvidia\cohensutherlandline.cpp(92,20): warning C4244: 'argument': conversion from 'double' to 'GLfloat', possible loss of data
C:\Users\singh\source\repos\nvidia\cohensutherlandline.cpp(127,22): warning C4244: 'argument': conversion from 'double' to 'GLfloat', possible loss of data
C:\Users\singh\source\repos\nvidia\cohensutherlandline.cpp(127,16): warning C4244: 'argument': conversion from 'double' to 'GLfloat', possible loss of data
C:\Users\singh\source\repos\nvidia\cohensutherlandline.cpp(128,22): warning C4244: 'argument': conversion from 'double' to 'GLfloat', possible loss of data
C:\Users\singh\source\repos\nvidia\cohensutherlandline.cpp(128,16): warning C4244: 'argument': conversion from 'double' to 'GLfloat', possible loss of data
C:\Users\singh\source\repos\nvidia\cohensutherlandline.cpp(129,22): warning C4244: 'argument': conversion from 'double' to 'GLfloat', possible loss of data
C:\Users\singh\source\repos\nvidia\cohensutherlandline.cpp(129,16): warning C4244: 'argument': conversion from 'double' to 'GLfloat', possible loss of data
C:\Users\singh\source\repos\nvidia\cohensutherlandline.cpp(130,22): warning C4244: 'argument': conversion from 'double' to 'GLfloat', possible loss of data
C:\Users\singh\source\repos\nvidia\cohensutherlandline.cpp(130,16): warning C4244: 'argument': conversion from 'double' to 'GLfloat', possible loss of data
C:\Users\singh\source\repos\nvidia\cohensutherlandline.cpp(145,1): warning C4326: return type of 'main' should be 'int' instead of 'void'
  reflection.cpp
  Generating Code...
  nvidia.vcxproj -> C:\Users\singh\source\repos\nvidia\x64\Debug\nvidia.exe
          1 file(s) copied.
